warning: virtual workspace defaulting to `resolver = "1"` despite one or more workspace members being on edition 2021 which implies `resolver = "2"`
note: to keep the current resolver, specify `workspace.resolver = "1"` in the workspace root's manifest
note: to use the edition 2021 resolver, specify `workspace.resolver = "2"` in the workspace root's manifest
note: for more details see https://doc.rust-lang.org/cargo/reference/resolver.html#resolver-versions
warning: field `my_address` is never read
  --> crates/strategies/winner_snipe/src/lib.rs:16:5
   |
14 | pub struct WinnerSnipe {
   |            ----------- field in this struct
15 |     target_contract: Address,
16 |     my_address: Address,
   |     ^^^^^^^^^^
   |
   = note: `#[warn(dead_code)]` on by default

warning: `winner_snipe` (lib) generated 1 warning
    Finished `dev` profile [unoptimized + debuginfo] target(s) in 0.17s
     Running `target/debug/winner_bot`
Starting Winner Bot!
Target contract: 0xcf7e…0fc9
Bot address: 0x7099…79c8
Setting up engine...
Starting engine...
Listening for transactions...
Processing transaction: 0xc3bdbc38c39316b10ae6c86c71135f8a502f3a6d6594737641176b8d91dea4ee
Transaction to: Some(0xcf7ed3acca5a467e9e704c703e8d87f634fb0fc9)
Target contract: 0xcf7ed3acca5a467e9e704c703e8d87f634fb0fc9
Transaction targets our contract!
Input data: ed05084e
DETECTED setWinner() call! Preparing front-run...
Original gas price: 1000000000 wei
Boosted gas price: 1200000000 wei
Front-run transaction created and submitted!
Front-run transaction sent! Hash: 0x83624ad02c505b82e51daf0b1370be815e269d407d4144dc5d888591b8bd051b
Processing transaction: 0x83624ad02c505b82e51daf0b1370be815e269d407d4144dc5d888591b8bd051b
Transaction to: Some(0xcf7ed3acca5a467e9e704c703e8d87f634fb0fc9)
Target contract: 0xcf7ed3acca5a467e9e704c703e8d87f634fb0fc9
Transaction targets our contract!
Input data: ed05084e
DETECTED setWinner() call! Preparing front-run...
Original gas price: 1200000000 wei
Boosted gas price: 1440000000 wei
Front-run transaction created and submitted!
Front-run transaction sent! Hash: 0x7c711111007c717f7071eec713974a547a3e82be89f1934763693f0a998702c5
Processing transaction: 0x7c711111007c717f7071eec713974a547a3e82be89f1934763693f0a998702c5
Transaction to: Some(0xcf7ed3acca5a467e9e704c703e8d87f634fb0fc9)
Target contract: 0xcf7ed3acca5a467e9e704c703e8d87f634fb0fc9
Transaction targets our contract!
Input data: ed05084e
DETECTED setWinner() call! Preparing front-run...
Original gas price: 1440000000 wei
Boosted gas price: 1728000000 wei
Front-run transaction created and submitted!
Front-run transaction sent! Hash: 0xb3daa21610b3e0d9fbf1e0d426a205d9cf8e7ea518cc02ad0ffa54e95bbd0254
Processing transaction: 0xb3daa21610b3e0d9fbf1e0d426a205d9cf8e7ea518cc02ad0ffa54e95bbd0254
Transaction to: Some(0xcf7ed3acca5a467e9e704c703e8d87f634fb0fc9)
Target contract: 0xcf7ed3acca5a467e9e704c703e8d87f634fb0fc9
Transaction targets our contract!
Input data: ed05084e
DETECTED setWinner() call! Preparing front-run...
Original gas price: 1728000000 wei
Boosted gas price: 2073600000 wei
Front-run transaction created and submitted!
Front-run transaction sent! Hash: 0x8be0863352254adab41a9dc8362c07a303995c1d3bd72d7d7fb191ffe9fdc94d
Processing transaction: 0x8be0863352254adab41a9dc8362c07a303995c1d3bd72d7d7fb191ffe9fdc94d
Transaction to: Some(0xcf7ed3acca5a467e9e704c703e8d87f634fb0fc9)
Target contract: 0xcf7ed3acca5a467e9e704c703e8d87f634fb0fc9
Transaction targets our contract!
Input data: ed05084e
DETECTED setWinner() call! Preparing front-run...
Original gas price: 2073600000 wei
Boosted gas price: 2488320000 wei
Front-run transaction created and submitted!
Front-run transaction sent! Hash: 0xb5204b7db1349db265ee38761a20ccd8520249f1a0e7fa64ea5b59088a38a214
Processing transaction: 0xb5204b7db1349db265ee38761a20ccd8520249f1a0e7fa64ea5b59088a38a214
Transaction to: Some(0xcf7ed3acca5a467e9e704c703e8d87f634fb0fc9)
Target contract: 0xcf7ed3acca5a467e9e704c703e8d87f634fb0fc9
Transaction targets our contract!
Input data: ed05084e
DETECTED setWinner() call! Preparing front-run...
Original gas price: 2488320000 wei
Boosted gas price: 2985984000 wei
Front-run transaction created and submitted!
Front-run transaction sent! Hash: 0xac5ecda79520b0b9748254a1472a04cfd6330b962b1afb8c3e9617aba9494051
Processing transaction: 0xac5ecda79520b0b9748254a1472a04cfd6330b962b1afb8c3e9617aba9494051
Transaction to: Some(0xcf7ed3acca5a467e9e704c703e8d87f634fb0fc9)
Target contract: 0xcf7ed3acca5a467e9e704c703e8d87f634fb0fc9
Transaction targets our contract!
Input data: ed05084e
DETECTED setWinner() call! Preparing front-run...
Original gas price: 2985984000 wei
Boosted gas price: 3583180800 wei
Front-run transaction created and submitted!
Front-run transaction sent! Hash: 0x09964e7bf0cc61609680beb18ad274453dc00932c7442522b71ec2dfe492a6e4
Processing transaction: 0x09964e7bf0cc61609680beb18ad274453dc00932c7442522b71ec2dfe492a6e4
Transaction to: Some(0xcf7ed3acca5a467e9e704c703e8d87f634fb0fc9)
Target contract: 0xcf7ed3acca5a467e9e704c703e8d87f634fb0fc9
Transaction targets our contract!
Input data: ed05084e
DETECTED setWinner() call! Preparing front-run...
Original gas price: 3583180800 wei
Boosted gas price: 4299816960 wei
Front-run transaction created and submitted!
Front-run transaction sent! Hash: 0x70812e07bc16af2438b43ab4026b2f0b1e93d2b6c0a4ddeec572720f473b8dde
Processing transaction: 0x70812e07bc16af2438b43ab4026b2f0b1e93d2b6c0a4ddeec572720f473b8dde
Transaction to: Some(0xcf7ed3acca5a467e9e704c703e8d87f634fb0fc9)
Target contract: 0xcf7ed3acca5a467e9e704c703e8d87f634fb0fc9
Transaction targets our contract!
Input data: ed05084e
DETECTED setWinner() call! Preparing front-run...
Original gas price: 4299816960 wei
Boosted gas price: 5159780352 wei
Front-run transaction created and submitted!
Front-run transaction sent! Hash: 0x9f6deaeb6e201ceaa59c2a63e0fd3e464012b3412072fbb92a7a2cb111f6f412
Processing transaction: 0x9f6deaeb6e201ceaa59c2a63e0fd3e464012b3412072fbb92a7a2cb111f6f412
Transaction to: Some(0xcf7ed3acca5a467e9e704c703e8d87f634fb0fc9)
Target contract: 0xcf7ed3acca5a467e9e704c703e8d87f634fb0fc9
Transaction targets our contract!
Input data: ed05084e
DETECTED setWinner() call! Preparing front-run...
Original gas price: 5159780352 wei
Boosted gas price: 6191736422 wei
Front-run transaction created and submitted!
Front-run transaction sent! Hash: 0x9f9dd823f048656cd04596e97fce9c997963dc410b70548f6a6384002b731073
Processing transaction: 0x9f9dd823f048656cd04596e97fce9c997963dc410b70548f6a6384002b731073
Transaction to: Some(0xcf7ed3acca5a467e9e704c703e8d87f634fb0fc9)
Target contract: 0xcf7ed3acca5a467e9e704c703e8d87f634fb0fc9
Transaction targets our contract!
Input data: ed05084e
DETECTED setWinner() call! Preparing front-run...
Original gas price: 6191736422 wei
Boosted gas price: 7430083706 wei
Front-run transaction created and submitted!
Front-run transaction sent! Hash: 0x1b8319ad3533db1c306989f57435bb3a8f7f26318b272c80d10e33e5f70e8f33
Processing transaction: 0x1b8319ad3533db1c306989f57435bb3a8f7f26318b272c80d10e33e5f70e8f33
Transaction to: Some(0xcf7ed3acca5a467e9e704c703e8d87f634fb0fc9)
Target contract: 0xcf7ed3acca5a467e9e704c703e8d87f634fb0fc9
Transaction targets our contract!
Input data: ed05084e
DETECTED setWinner() call! Preparing front-run...
Original gas price: 7430083706 wei
Boosted gas price: 8916100447 wei
Front-run transaction created and submitted!
Front-run transaction sent! Hash: 0x5ff89ada6cc4d113f070138330d3322350cb621db306f9fc68f6fd57fc243dca
Processing transaction: 0x5ff89ada6cc4d113f070138330d3322350cb621db306f9fc68f6fd57fc243dca
Transaction to: Some(0xcf7ed3acca5a467e9e704c703e8d87f634fb0fc9)
Target contract: 0xcf7ed3acca5a467e9e704c703e8d87f634fb0fc9
Transaction targets our contract!
Input data: ed05084e
DETECTED setWinner() call! Preparing front-run...
Original gas price: 8916100447 wei
Boosted gas price: 10699320536 wei
Front-run transaction created and submitted!
Front-run transaction sent! Hash: 0x1f4448c43c71b7cd63539f6281585ad3904a4b0550a3bcfcf55c3bb6fbc9eefb
Processing transaction: 0x1f4448c43c71b7cd63539f6281585ad3904a4b0550a3bcfcf55c3bb6fbc9eefb
Transaction to: Some(0xcf7ed3acca5a467e9e704c703e8d87f634fb0fc9)
Target contract: 0xcf7ed3acca5a467e9e704c703e8d87f634fb0fc9
Transaction targets our contract!
Input data: ed05084e
DETECTED setWinner() call! Preparing front-run...
Original gas price: 10699320536 wei
Boosted gas price: 12839184643 wei
Front-run transaction created and submitted!
Front-run transaction sent! Hash: 0x7d6905c8b20f7b7dd9820e505368b452914495a13682173105b6af854ac5c99d
Processing transaction: 0x7d6905c8b20f7b7dd9820e505368b452914495a13682173105b6af854ac5c99d
Transaction to: Some(0xcf7ed3acca5a467e9e704c703e8d87f634fb0fc9)
Target contract: 0xcf7ed3acca5a467e9e704c703e8d87f634fb0fc9
Transaction targets our contract!
Input data: ed05084e
DETECTED setWinner() call! Preparing front-run...
Original gas price: 12839184643 wei
Boosted gas price: 15407021571 wei
Front-run transaction created and submitted!
Front-run transaction sent! Hash: 0xd7d5696adf27a3b3f9e395679e2ffcd9b3cee7f7cae61ed2fd7bb58ed9f59a63
Processing transaction: 0xd7d5696adf27a3b3f9e395679e2ffcd9b3cee7f7cae61ed2fd7bb58ed9f59a63
Transaction to: Some(0xcf7ed3acca5a467e9e704c703e8d87f634fb0fc9)
Target contract: 0xcf7ed3acca5a467e9e704c703e8d87f634fb0fc9
Transaction targets our contract!
Input data: ed05084e
DETECTED setWinner() call! Preparing front-run...
Original gas price: 15407021571 wei
Boosted gas price: 18488425885 wei
Front-run transaction created and submitted!
Front-run transaction sent! Hash: 0xb4d8b5613701c82fe6de1cc065bf619bdcd8f563f651f7ef4de318190b621eb9
Processing transaction: 0xb4d8b5613701c82fe6de1cc065bf619bdcd8f563f651f7ef4de318190b621eb9
Transaction to: Some(0xcf7ed3acca5a467e9e704c703e8d87f634fb0fc9)
Target contract: 0xcf7ed3acca5a467e9e704c703e8d87f634fb0fc9
Transaction targets our contract!
Input data: ed05084e
DETECTED setWinner() call! Preparing front-run...
Original gas price: 18488425885 wei
Boosted gas price: 22186111062 wei
Front-run transaction created and submitted!
Front-run transaction sent! Hash: 0x07f4a89ba208b79220458567ba864ff9c22c303fd28241377975634065bdf3a6
Processing transaction: 0x07f4a89ba208b79220458567ba864ff9c22c303fd28241377975634065bdf3a6
Transaction to: Some(0xcf7ed3acca5a467e9e704c703e8d87f634fb0fc9)
Target contract: 0xcf7ed3acca5a467e9e704c703e8d87f634fb0fc9
Transaction targets our contract!
Input data: ed05084e
DETECTED setWinner() call! Preparing front-run...
Original gas price: 22186111062 wei
Boosted gas price: 26623333274 wei
Front-run transaction created and submitted!
Front-run transaction sent! Hash: 0x95f7b0a6439059a7cc73a5324d8930a4577c601c6d936c00a825d957a75bc199
Processing transaction: 0x95f7b0a6439059a7cc73a5324d8930a4577c601c6d936c00a825d957a75bc199
Transaction to: Some(0xcf7ed3acca5a467e9e704c703e8d87f634fb0fc9)
Target contract: 0xcf7ed3acca5a467e9e704c703e8d87f634fb0fc9
Transaction targets our contract!
Input data: ed05084e
DETECTED setWinner() call! Preparing front-run...
Original gas price: 26623333274 wei
Boosted gas price: 31947999928 wei
Front-run transaction created and submitted!
Front-run transaction sent! Hash: 0x5ec4c11eeb7a2eb44630b6ffe5be7d8266bb45cf69fd1ee59272474bc0982f54
Processing transaction: 0x5ec4c11eeb7a2eb44630b6ffe5be7d8266bb45cf69fd1ee59272474bc0982f54
Transaction to: Some(0xcf7ed3acca5a467e9e704c703e8d87f634fb0fc9)
Target contract: 0xcf7ed3acca5a467e9e704c703e8d87f634fb0fc9
Transaction targets our contract!
Input data: ed05084e
DETECTED setWinner() call! Preparing front-run...
Original gas price: 31947999928 wei
Boosted gas price: 38337599913 wei
Front-run transaction created and submitted!
Front-run transaction sent! Hash: 0x893fa301cbab1e4e6437371a6ae4398082ac6256f4daed8782ac360a35d0ff18
Processing transaction: 0x893fa301cbab1e4e6437371a6ae4398082ac6256f4daed8782ac360a35d0ff18
Transaction to: Some(0xcf7ed3acca5a467e9e704c703e8d87f634fb0fc9)
Target contract: 0xcf7ed3acca5a467e9e704c703e8d87f634fb0fc9
Transaction targets our contract!
Input data: ed05084e
DETECTED setWinner() call! Preparing front-run...
Original gas price: 38337599913 wei
Boosted gas price: 46005119895 wei
Front-run transaction created and submitted!
Front-run transaction sent! Hash: 0x09dbb5e4cf48046a4d0bea00687741139f4f105210cac919be99cd6f29730de3
Processing transaction: 0x09dbb5e4cf48046a4d0bea00687741139f4f105210cac919be99cd6f29730de3
Transaction to: Some(0xcf7ed3acca5a467e9e704c703e8d87f634fb0fc9)
Target contract: 0xcf7ed3acca5a467e9e704c703e8d87f634fb0fc9
Transaction targets our contract!
Input data: ed05084e
DETECTED setWinner() call! Preparing front-run...
Original gas price: 46005119895 wei
Boosted gas price: 55206143874 wei
Front-run transaction created and submitted!
Front-run transaction sent! Hash: 0x411842ed4a8185b733bf7ae3e3d909b4796acb82935c8e2879f8c4db91e1c6b4
Processing transaction: 0x411842ed4a8185b733bf7ae3e3d909b4796acb82935c8e2879f8c4db91e1c6b4
Transaction to: Some(0xcf7ed3acca5a467e9e704c703e8d87f634fb0fc9)
Target contract: 0xcf7ed3acca5a467e9e704c703e8d87f634fb0fc9
Transaction targets our contract!
Input data: ed05084e
DETECTED setWinner() call! Preparing front-run...
Original gas price: 55206143874 wei
Boosted gas price: 66247372648 wei
Front-run transaction created and submitted!
Front-run transaction sent! Hash: 0xa5bd60b3b7b000fde6f329402f7411b1ff57fd713c8b064e26599e496d5b00cc
Processing transaction: 0xa5bd60b3b7b000fde6f329402f7411b1ff57fd713c8b064e26599e496d5b00cc
Transaction to: Some(0xcf7ed3acca5a467e9e704c703e8d87f634fb0fc9)
Target contract: 0xcf7ed3acca5a467e9e704c703e8d87f634fb0fc9
Transaction targets our contract!
Input data: ed05084e
DETECTED setWinner() call! Preparing front-run...
Original gas price: 66247372648 wei
Boosted gas price: 79496847177 wei
Front-run transaction created and submitted!
Front-run transaction sent! Hash: 0xb671eb3a825f126756050a15699991726ebeaa3a86787163732c9e14b43fdc13
Processing transaction: 0xb671eb3a825f126756050a15699991726ebeaa3a86787163732c9e14b43fdc13
Transaction to: Some(0xcf7ed3acca5a467e9e704c703e8d87f634fb0fc9)
Target contract: 0xcf7ed3acca5a467e9e704c703e8d87f634fb0fc9
Transaction targets our contract!
Input data: ed05084e
DETECTED setWinner() call! Preparing front-run...
Original gas price: 79496847177 wei
Boosted gas price: 95396216612 wei
Front-run transaction created and submitted!
Front-run transaction sent! Hash: 0x053b4c0ef576bc92333d6658ab559ab7d6334ad02c2dac514e0c66e7638b8149
Processing transaction: 0x053b4c0ef576bc92333d6658ab559ab7d6334ad02c2dac514e0c66e7638b8149
Transaction to: Some(0xcf7ed3acca5a467e9e704c703e8d87f634fb0fc9)
Target contract: 0xcf7ed3acca5a467e9e704c703e8d87f634fb0fc9
Transaction targets our contract!
Input data: ed05084e
DETECTED setWinner() call! Preparing front-run...
Original gas price: 95396216612 wei
Boosted gas price: 114475459934 wei
Front-run transaction created and submitted!
Front-run transaction sent! Hash: 0x479ee41293809991f0c30eb4e50bc714c1be1e494ab86bd4273b26c4bcd44e78
Processing transaction: 0x479ee41293809991f0c30eb4e50bc714c1be1e494ab86bd4273b26c4bcd44e78
Transaction to: Some(0xcf7ed3acca5a467e9e704c703e8d87f634fb0fc9)
Target contract: 0xcf7ed3acca5a467e9e704c703e8d87f634fb0fc9
Transaction targets our contract!
Input data: ed05084e
DETECTED setWinner() call! Preparing front-run...
Original gas price: 114475459934 wei
Boosted gas price: 137370551920 wei
Front-run transaction created and submitted!
Front-run transaction sent! Hash: 0xbb926ae0e0ad4546cb9cbd19dc2580a7c6fbc855ec3507a49476151617ea1f8f
Processing transaction: 0xbb926ae0e0ad4546cb9cbd19dc2580a7c6fbc855ec3507a49476151617ea1f8f
Transaction to: Some(0xcf7ed3acca5a467e9e704c703e8d87f634fb0fc9)
Target contract: 0xcf7ed3acca5a467e9e704c703e8d87f634fb0fc9
Transaction targets our contract!
Input data: ed05084e
DETECTED setWinner() call! Preparing front-run...
Original gas price: 137370551920 wei
Boosted gas price: 164844662304 wei
Front-run transaction created and submitted!
Front-run transaction sent! Hash: 0x6a5a17014e9cbdd59e7dc2b5f5ef2ad9558becf8616bf3cc480275d0167863cd
Processing transaction: 0x6a5a17014e9cbdd59e7dc2b5f5ef2ad9558becf8616bf3cc480275d0167863cd
Transaction to: Some(0xcf7ed3acca5a467e9e704c703e8d87f634fb0fc9)
Target contract: 0xcf7ed3acca5a467e9e704c703e8d87f634fb0fc9
Transaction targets our contract!
Input data: ed05084e
DETECTED setWinner() call! Preparing front-run...
Original gas price: 164844662304 wei
Boosted gas price: 197813594764 wei
Front-run transaction created and submitted!
Front-run transaction sent! Hash: 0x3defc45ce8e26a9bfeccaa2b79abb85911e7f659dc45ddf0f879468e9e82b141
Processing transaction: 0x3defc45ce8e26a9bfeccaa2b79abb85911e7f659dc45ddf0f879468e9e82b141
Transaction to: Some(0xcf7ed3acca5a467e9e704c703e8d87f634fb0fc9)
Target contract: 0xcf7ed3acca5a467e9e704c703e8d87f634fb0fc9
Transaction targets our contract!
Input data: ed05084e
DETECTED setWinner() call! Preparing front-run...
Original gas price: 197813594764 wei
Boosted gas price: 237376313716 wei
Front-run transaction created and submitted!
Front-run transaction sent! Hash: 0x7a62a23c27acda30358509cbf4b847d13b4133332e4020a57cff15ecb243fc4c
Processing transaction: 0x7a62a23c27acda30358509cbf4b847d13b4133332e4020a57cff15ecb243fc4c
Transaction to: Some(0xcf7ed3acca5a467e9e704c703e8d87f634fb0fc9)
Target contract: 0xcf7ed3acca5a467e9e704c703e8d87f634fb0fc9
Transaction targets our contract!
Input data: ed05084e
DETECTED setWinner() call! Preparing front-run...
Original gas price: 237376313716 wei
Boosted gas price: 284851576459 wei
Front-run transaction created and submitted!
Front-run transaction sent! Hash: 0x39f92ce2c438df86c4a6573b2110ba24572ea458f1dde34c0a90e5e9738ef3cf
Processing transaction: 0x39f92ce2c438df86c4a6573b2110ba24572ea458f1dde34c0a90e5e9738ef3cf
Transaction to: Some(0xcf7ed3acca5a467e9e704c703e8d87f634fb0fc9)
Target contract: 0xcf7ed3acca5a467e9e704c703e8d87f634fb0fc9
Transaction targets our contract!
Input data: ed05084e
DETECTED setWinner() call! Preparing front-run...
Original gas price: 284851576459 wei
Boosted gas price: 341821891750 wei
Front-run transaction created and submitted!
Front-run transaction sent! Hash: 0xb88da47c45bc7a7c556e9848767b7c09416c2df4434e913d34ae88da1b3eb59a
Processing transaction: 0xb88da47c45bc7a7c556e9848767b7c09416c2df4434e913d34ae88da1b3eb59a
Transaction to: Some(0xcf7ed3acca5a467e9e704c703e8d87f634fb0fc9)
Target contract: 0xcf7ed3acca5a467e9e704c703e8d87f634fb0fc9
Transaction targets our contract!
Input data: ed05084e
DETECTED setWinner() call! Preparing front-run...
Original gas price: 341821891750 wei
Boosted gas price: 410186270100 wei
Front-run transaction created and submitted!
Front-run transaction sent! Hash: 0x35e7d23a06790913e88a46aefdb5fda70d97eca15aa5148fa72241c291fff09d
Processing transaction: 0x35e7d23a06790913e88a46aefdb5fda70d97eca15aa5148fa72241c291fff09d
Transaction to: Some(0xcf7ed3acca5a467e9e704c703e8d87f634fb0fc9)
Target contract: 0xcf7ed3acca5a467e9e704c703e8d87f634fb0fc9
Transaction targets our contract!
Input data: ed05084e
DETECTED setWinner() call! Preparing front-run...
Original gas price: 410186270100 wei
Boosted gas price: 492223524120 wei
Front-run transaction created and submitted!
Front-run transaction sent! Hash: 0xbd4348058ae3e5fbcc6bbf038af69f9f282b5f937076e145036ea6a68aeeb36d
Processing transaction: 0xbd4348058ae3e5fbcc6bbf038af69f9f282b5f937076e145036ea6a68aeeb36d
Transaction to: Some(0xcf7ed3acca5a467e9e704c703e8d87f634fb0fc9)
Target contract: 0xcf7ed3acca5a467e9e704c703e8d87f634fb0fc9
Transaction targets our contract!
Input data: ed05084e
DETECTED setWinner() call! Preparing front-run...
Original gas price: 492223524120 wei
Boosted gas price: 590668228944 wei
Front-run transaction created and submitted!
Front-run transaction sent! Hash: 0x368fb192401e591d2ebffa8d9db246e82dae7d33fd268e45c77afe8cdd8bcf84
Processing transaction: 0x368fb192401e591d2ebffa8d9db246e82dae7d33fd268e45c77afe8cdd8bcf84
Transaction to: Some(0xcf7ed3acca5a467e9e704c703e8d87f634fb0fc9)
Target contract: 0xcf7ed3acca5a467e9e704c703e8d87f634fb0fc9
Transaction targets our contract!
Input data: ed05084e
DETECTED setWinner() call! Preparing front-run...
Original gas price: 590668228944 wei
Boosted gas price: 708801874732 wei
Front-run transaction created and submitted!
Front-run transaction sent! Hash: 0x5ee0774925513c0c77e6cae5144d9394bc7e8ebf4e3909bef71554f11d6c4dd5
Processing transaction: 0x5ee0774925513c0c77e6cae5144d9394bc7e8ebf4e3909bef71554f11d6c4dd5
Transaction to: Some(0xcf7ed3acca5a467e9e704c703e8d87f634fb0fc9)
Target contract: 0xcf7ed3acca5a467e9e704c703e8d87f634fb0fc9
Transaction targets our contract!
Input data: ed05084e
DETECTED setWinner() call! Preparing front-run...
Original gas price: 708801874732 wei
Boosted gas price: 850562249678 wei
Front-run transaction created and submitted!
Front-run transaction sent! Hash: 0x9c3c8f49de24db8d69b505b0e22bf97ffb2ab925d8ed04398bc1d4dca87c1cba
Processing transaction: 0x9c3c8f49de24db8d69b505b0e22bf97ffb2ab925d8ed04398bc1d4dca87c1cba
Transaction to: Some(0xcf7ed3acca5a467e9e704c703e8d87f634fb0fc9)
Target contract: 0xcf7ed3acca5a467e9e704c703e8d87f634fb0fc9
Transaction targets our contract!
Input data: ed05084e
DETECTED setWinner() call! Preparing front-run...
Original gas price: 850562249678 wei
Boosted gas price: 1020674699613 wei
Front-run transaction created and submitted!
Front-run transaction sent! Hash: 0x2fd3c08470c4c9750edee5827cd800364983babe97f6c7819d1adfa01e7459bb
Processing transaction: 0x2fd3c08470c4c9750edee5827cd800364983babe97f6c7819d1adfa01e7459bb
Transaction to: Some(0xcf7ed3acca5a467e9e704c703e8d87f634fb0fc9)
Target contract: 0xcf7ed3acca5a467e9e704c703e8d87f634fb0fc9
Transaction targets our contract!
Input data: ed05084e
DETECTED setWinner() call! Preparing front-run...
Original gas price: 1020674699613 wei
Boosted gas price: 1224809639535 wei
Front-run transaction created and submitted!
Front-run transaction sent! Hash: 0x5d2bca7c364ce6ea86355ed7f35b7147f956e04e08ecffc1aec7974a736fc782
Processing transaction: 0x5d2bca7c364ce6ea86355ed7f35b7147f956e04e08ecffc1aec7974a736fc782
Transaction to: Some(0xcf7ed3acca5a467e9e704c703e8d87f634fb0fc9)
Target contract: 0xcf7ed3acca5a467e9e704c703e8d87f634fb0fc9
Transaction targets our contract!
Input data: ed05084e
DETECTED setWinner() call! Preparing front-run...
Original gas price: 1224809639535 wei
Boosted gas price: 1469771567442 wei
Front-run transaction created and submitted!
Front-run transaction sent! Hash: 0x441fb2341ad4a034918ae6ba03dc5e9cc7356c7dd27dc6a78811ec02bee7a8f5
Processing transaction: 0x441fb2341ad4a034918ae6ba03dc5e9cc7356c7dd27dc6a78811ec02bee7a8f5
Transaction to: Some(0xcf7ed3acca5a467e9e704c703e8d87f634fb0fc9)
Target contract: 0xcf7ed3acca5a467e9e704c703e8d87f634fb0fc9
Transaction targets our contract!
Input data: ed05084e
DETECTED setWinner() call! Preparing front-run...
Original gas price: 1469771567442 wei
Boosted gas price: 1763725880930 wei
Front-run transaction created and submitted!
Front-run transaction sent! Hash: 0x0f10315d50c901d1c0b3ec489921f6a7bc62e2afa120944c788afa1afef469f3
Processing transaction: 0x0f10315d50c901d1c0b3ec489921f6a7bc62e2afa120944c788afa1afef469f3
Transaction to: Some(0xcf7ed3acca5a467e9e704c703e8d87f634fb0fc9)
Target contract: 0xcf7ed3acca5a467e9e704c703e8d87f634fb0fc9
Transaction targets our contract!
Input data: ed05084e
DETECTED setWinner() call! Preparing front-run...
Original gas price: 1763725880930 wei
Boosted gas price: 2116471057116 wei
Front-run transaction created and submitted!
Front-run transaction sent! Hash: 0xfd9b2ebeb293ca88a9fe200fc1bfd37bae8b8484c755c44b03fdf6b4f480797d
Processing transaction: 0xfd9b2ebeb293ca88a9fe200fc1bfd37bae8b8484c755c44b03fdf6b4f480797d
Transaction to: Some(0xcf7ed3acca5a467e9e704c703e8d87f634fb0fc9)
Target contract: 0xcf7ed3acca5a467e9e704c703e8d87f634fb0fc9
Transaction targets our contract!
Input data: ed05084e
DETECTED setWinner() call! Preparing front-run...
Original gas price: 2116471057116 wei
Boosted gas price: 2539765268539 wei
Front-run transaction created and submitted!
Front-run transaction sent! Hash: 0x321af62d0411cf7317dfec76036b866942480bf10b8d9b9610a1dd54a930cfe1
Processing transaction: 0x321af62d0411cf7317dfec76036b866942480bf10b8d9b9610a1dd54a930cfe1
Transaction to: Some(0xcf7ed3acca5a467e9e704c703e8d87f634fb0fc9)
Target contract: 0xcf7ed3acca5a467e9e704c703e8d87f634fb0fc9
Transaction targets our contract!
Input data: ed05084e
DETECTED setWinner() call! Preparing front-run...
Original gas price: 2539765268539 wei
Boosted gas price: 3047718322246 wei
Front-run transaction created and submitted!
Front-run transaction sent! Hash: 0xac29b23cfe5e64ab7548f04e3b11c5e6d983238e0f22b0b3b2fff1d9c3b295e2
Processing transaction: 0xac29b23cfe5e64ab7548f04e3b11c5e6d983238e0f22b0b3b2fff1d9c3b295e2
Transaction to: Some(0xcf7ed3acca5a467e9e704c703e8d87f634fb0fc9)
Target contract: 0xcf7ed3acca5a467e9e704c703e8d87f634fb0fc9
Transaction targets our contract!
Input data: ed05084e
DETECTED setWinner() call! Preparing front-run...
Original gas price: 3047718322246 wei
Boosted gas price: 3657261986695 wei
Front-run transaction created and submitted!
Front-run transaction sent! Hash: 0x12d2aaca3640abbd1d07bbd589d6a8cee66e762cedc3ecb331b6ce5ee057a214
Processing transaction: 0x12d2aaca3640abbd1d07bbd589d6a8cee66e762cedc3ecb331b6ce5ee057a214
Transaction to: Some(0xcf7ed3acca5a467e9e704c703e8d87f634fb0fc9)
Target contract: 0xcf7ed3acca5a467e9e704c703e8d87f634fb0fc9
Transaction targets our contract!
Input data: ed05084e
DETECTED setWinner() call! Preparing front-run...
Original gas price: 3657261986695 wei
Boosted gas price: 4388714384034 wei
Front-run transaction created and submitted!
Front-run transaction sent! Hash: 0xf201cf90c4d58ecc3d9b73122e4fa931bccf6a5e6f9781376e8acddddce2f983
Processing transaction: 0xf201cf90c4d58ecc3d9b73122e4fa931bccf6a5e6f9781376e8acddddce2f983
Transaction to: Some(0xcf7ed3acca5a467e9e704c703e8d87f634fb0fc9)
Target contract: 0xcf7ed3acca5a467e9e704c703e8d87f634fb0fc9
Transaction targets our contract!
Input data: ed05084e
DETECTED setWinner() call! Preparing front-run...
Original gas price: 4388714384034 wei
Boosted gas price: 5266457260840 wei
Front-run transaction created and submitted!
Front-run transaction sent! Hash: 0x9582a69b0194c2f1cfe67b79d52f7fd38bd928d1d064952aee1869f7607102aa
Processing transaction: 0x9582a69b0194c2f1cfe67b79d52f7fd38bd928d1d064952aee1869f7607102aa
Transaction to: Some(0xcf7ed3acca5a467e9e704c703e8d87f634fb0fc9)
Target contract: 0xcf7ed3acca5a467e9e704c703e8d87f634fb0fc9
Transaction targets our contract!
Input data: ed05084e
DETECTED setWinner() call! Preparing front-run...
Original gas price: 5266457260840 wei
Boosted gas price: 6319748713008 wei
Front-run transaction created and submitted!
Front-run transaction sent! Hash: 0xe31a0f5b16b2e41bffbce3b2a0ae48c3c0a3f567b0367cff87efd982479384dd
Processing transaction: 0xe31a0f5b16b2e41bffbce3b2a0ae48c3c0a3f567b0367cff87efd982479384dd
Transaction to: Some(0xcf7ed3acca5a467e9e704c703e8d87f634fb0fc9)
Target contract: 0xcf7ed3acca5a467e9e704c703e8d87f634fb0fc9
Transaction targets our contract!
Input data: ed05084e
DETECTED setWinner() call! Preparing front-run...
Original gas price: 6319748713008 wei
Boosted gas price: 7583698455609 wei
Front-run transaction created and submitted!
Front-run transaction sent! Hash: 0x661da1cc4fd302a27bb7a972643d11c91cdcde19e80176cfeaaf15f39ae2c2b9
Processing transaction: 0x661da1cc4fd302a27bb7a972643d11c91cdcde19e80176cfeaaf15f39ae2c2b9
Transaction to: Some(0xcf7ed3acca5a467e9e704c703e8d87f634fb0fc9)
Target contract: 0xcf7ed3acca5a467e9e704c703e8d87f634fb0fc9
Transaction targets our contract!
Input data: ed05084e
DETECTED setWinner() call! Preparing front-run...
Original gas price: 7583698455609 wei
Boosted gas price: 9100438146730 wei
Front-run transaction created and submitted!
Front-run transaction sent! Hash: 0x5c00cb42a4aa07e630f34fcf1ff1774b7640cb08cfdbeab97b843da8b0b3a8c6
Processing transaction: 0x5c00cb42a4aa07e630f34fcf1ff1774b7640cb08cfdbeab97b843da8b0b3a8c6
Transaction to: Some(0xcf7ed3acca5a467e9e704c703e8d87f634fb0fc9)
Target contract: 0xcf7ed3acca5a467e9e704c703e8d87f634fb0fc9
Transaction targets our contract!
Input data: ed05084e
DETECTED setWinner() call! Preparing front-run...
Original gas price: 9100438146730 wei
Boosted gas price: 10920525776076 wei
Front-run transaction created and submitted!
Front-run transaction sent! Hash: 0x3ed5d847d3b6eb90ebd55324884d202368304cb012934c5e9ed50fe366aa55ab
Processing transaction: 0x3ed5d847d3b6eb90ebd55324884d202368304cb012934c5e9ed50fe366aa55ab
Transaction to: Some(0xcf7ed3acca5a467e9e704c703e8d87f634fb0fc9)
Target contract: 0xcf7ed3acca5a467e9e704c703e8d87f634fb0fc9
Transaction targets our contract!
Input data: ed05084e
DETECTED setWinner() call! Preparing front-run...
Original gas price: 10920525776076 wei
Boosted gas price: 13104630931291 wei
Front-run transaction created and submitted!
Front-run transaction sent! Hash: 0x5478b1e02aa799504c73b340473f3deed4e2ddcbfb88b63642cd8790fb0095ab
Processing transaction: 0x5478b1e02aa799504c73b340473f3deed4e2ddcbfb88b63642cd8790fb0095ab
Transaction to: Some(0xcf7ed3acca5a467e9e704c703e8d87f634fb0fc9)
Target contract: 0xcf7ed3acca5a467e9e704c703e8d87f634fb0fc9
Transaction targets our contract!
Input data: ed05084e
DETECTED setWinner() call! Preparing front-run...
Original gas price: 13104630931291 wei
Boosted gas price: 15725557117549 wei
Front-run transaction created and submitted!
Front-run transaction sent! Hash: 0xa5de140d8d89a9c62909d0593f4863be260224d0aecb9a282bb84b540e5bf29a
Processing transaction: 0xa5de140d8d89a9c62909d0593f4863be260224d0aecb9a282bb84b540e5bf29a
Transaction to: Some(0xcf7ed3acca5a467e9e704c703e8d87f634fb0fc9)
Target contract: 0xcf7ed3acca5a467e9e704c703e8d87f634fb0fc9
Transaction targets our contract!
Input data: ed05084e
DETECTED setWinner() call! Preparing front-run...
Original gas price: 15725557117549 wei
Boosted gas price: 18870668541058 wei
Front-run transaction created and submitted!
Front-run transaction sent! Hash: 0xb146dc5a498b7cd7e0afca222ab19af139eb904f3126a01667d39163d217be2a
Processing transaction: 0xb146dc5a498b7cd7e0afca222ab19af139eb904f3126a01667d39163d217be2a
Transaction to: Some(0xcf7ed3acca5a467e9e704c703e8d87f634fb0fc9)
Target contract: 0xcf7ed3acca5a467e9e704c703e8d87f634fb0fc9
Transaction targets our contract!
Input data: ed05084e
DETECTED setWinner() call! Preparing front-run...
Original gas price: 18870668541058 wei
Boosted gas price: 22644802249269 wei
Front-run transaction created and submitted!
Front-run transaction sent! Hash: 0x64f0f4c07e625bd22b487844b8142a7d28480d27d01cfc9fa660721e7686fedb
Processing transaction: 0x64f0f4c07e625bd22b487844b8142a7d28480d27d01cfc9fa660721e7686fedb
Transaction to: Some(0xcf7ed3acca5a467e9e704c703e8d87f634fb0fc9)
Target contract: 0xcf7ed3acca5a467e9e704c703e8d87f634fb0fc9
Transaction targets our contract!
Input data: ed05084e
DETECTED setWinner() call! Preparing front-run...
Original gas price: 22644802249269 wei
Boosted gas price: 27173762699122 wei
Front-run transaction created and submitted!
Front-run transaction sent! Hash: 0x96c7b8ff07b91bade1c580555208a3714cd547ac56f09a90086a4ce039a5c1a1
Processing transaction: 0x96c7b8ff07b91bade1c580555208a3714cd547ac56f09a90086a4ce039a5c1a1
Transaction to: Some(0xcf7ed3acca5a467e9e704c703e8d87f634fb0fc9)
Target contract: 0xcf7ed3acca5a467e9e704c703e8d87f634fb0fc9
Transaction targets our contract!
Input data: ed05084e
DETECTED setWinner() call! Preparing front-run...
Original gas price: 27173762699122 wei
Boosted gas price: 32608515238946 wei
Front-run transaction created and submitted!
Front-run transaction sent! Hash: 0x55d73415a3135733047df6159c79eb7c6f71cad567435cbdbb440aa59b6ee38d
Processing transaction: 0x55d73415a3135733047df6159c79eb7c6f71cad567435cbdbb440aa59b6ee38d
Transaction to: Some(0xcf7ed3acca5a467e9e704c703e8d87f634fb0fc9)
Target contract: 0xcf7ed3acca5a467e9e704c703e8d87f634fb0fc9
Transaction targets our contract!
Input data: ed05084e
DETECTED setWinner() call! Preparing front-run...
Original gas price: 32608515238946 wei
Boosted gas price: 39130218286735 wei
Front-run transaction created and submitted!
Front-run transaction sent! Hash: 0x1caccc41889a8e13fb6283f3f0496fefa52f0c06aebacf2ed0ab7fae4c49cd66
Processing transaction: 0x1caccc41889a8e13fb6283f3f0496fefa52f0c06aebacf2ed0ab7fae4c49cd66
Transaction to: Some(0xcf7ed3acca5a467e9e704c703e8d87f634fb0fc9)
Target contract: 0xcf7ed3acca5a467e9e704c703e8d87f634fb0fc9
Transaction targets our contract!
Input data: ed05084e
DETECTED setWinner() call! Preparing front-run...
Original gas price: 39130218286735 wei
Boosted gas price: 46956261944082 wei
Front-run transaction created and submitted!
Front-run transaction sent! Hash: 0x12b483acd2b6e055dfa47536699d569428847fa7be76d957ff06dfef30fa66bb
Processing transaction: 0x12b483acd2b6e055dfa47536699d569428847fa7be76d957ff06dfef30fa66bb
Transaction to: Some(0xcf7ed3acca5a467e9e704c703e8d87f634fb0fc9)
Target contract: 0xcf7ed3acca5a467e9e704c703e8d87f634fb0fc9
Transaction targets our contract!
Input data: ed05084e
DETECTED setWinner() call! Preparing front-run...
Original gas price: 46956261944082 wei
Boosted gas price: 56347514332898 wei
Front-run transaction created and submitted!
Front-run transaction sent! Hash: 0xcc9f46c7d62211d6495f56b086052a439f97802c2c4dd95eb0ce378b8925999c
Processing transaction: 0xcc9f46c7d62211d6495f56b086052a439f97802c2c4dd95eb0ce378b8925999c
Transaction to: Some(0xcf7ed3acca5a467e9e704c703e8d87f634fb0fc9)
Target contract: 0xcf7ed3acca5a467e9e704c703e8d87f634fb0fc9
Transaction targets our contract!
Input data: ed05084e
DETECTED setWinner() call! Preparing front-run...
Original gas price: 56347514332898 wei
Boosted gas price: 67617017199477 wei
Front-run transaction created and submitted!
Front-run transaction sent! Hash: 0x9ed4b2cf8e1872bd3c45d94965f9b3679629b72d420c69e67d83a42ad15b6313
Processing transaction: 0x9ed4b2cf8e1872bd3c45d94965f9b3679629b72d420c69e67d83a42ad15b6313
Transaction to: Some(0xcf7ed3acca5a467e9e704c703e8d87f634fb0fc9)
Target contract: 0xcf7ed3acca5a467e9e704c703e8d87f634fb0fc9
Transaction targets our contract!
Input data: ed05084e
DETECTED setWinner() call! Preparing front-run...
Original gas price: 67617017199477 wei
Boosted gas price: 81140420639372 wei
Front-run transaction created and submitted!
Front-run transaction sent! Hash: 0x285236665643ec354cfd22e9460a0acb6c6b3ad6cdbdc71d77728bc52a613686
Processing transaction: 0x285236665643ec354cfd22e9460a0acb6c6b3ad6cdbdc71d77728bc52a613686
Transaction to: Some(0xcf7ed3acca5a467e9e704c703e8d87f634fb0fc9)
Target contract: 0xcf7ed3acca5a467e9e704c703e8d87f634fb0fc9
Transaction targets our contract!
Input data: ed05084e
DETECTED setWinner() call! Preparing front-run...
Original gas price: 81140420639372 wei
Boosted gas price: 97368504767246 wei
Front-run transaction created and submitted!
Front-run transaction sent! Hash: 0xd3ea5fe67e71cbcb72bb2a0af77412bb165af3acbca1f7bd87bd731f211a557e
Processing transaction: 0xd3ea5fe67e71cbcb72bb2a0af77412bb165af3acbca1f7bd87bd731f211a557e
Transaction to: Some(0xcf7ed3acca5a467e9e704c703e8d87f634fb0fc9)
Target contract: 0xcf7ed3acca5a467e9e704c703e8d87f634fb0fc9
Transaction targets our contract!
Input data: ed05084e
DETECTED setWinner() call! Preparing front-run...
Original gas price: 97368504767246 wei
Boosted gas price: 116842205720695 wei
Front-run transaction created and submitted!
Front-run transaction sent! Hash: 0xb9d23c199dc2f76412f51fa7811ef63b471e847b1cdaa0cc57a75ce612b4ff77
Processing transaction: 0xb9d23c199dc2f76412f51fa7811ef63b471e847b1cdaa0cc57a75ce612b4ff77
Transaction to: Some(0xcf7ed3acca5a467e9e704c703e8d87f634fb0fc9)
Target contract: 0xcf7ed3acca5a467e9e704c703e8d87f634fb0fc9
Transaction targets our contract!
Input data: ed05084e
DETECTED setWinner() call! Preparing front-run...
Original gas price: 116842205720695 wei
Boosted gas price: 140210646864834 wei
Front-run transaction created and submitted!
Front-run transaction sent! Hash: 0x6f96c259105a8d6970394eb0eb209ae4980ea739d0ed5fd677620e4b4e6810ae
Processing transaction: 0x6f96c259105a8d6970394eb0eb209ae4980ea739d0ed5fd677620e4b4e6810ae
Transaction to: Some(0xcf7ed3acca5a467e9e704c703e8d87f634fb0fc9)
Target contract: 0xcf7ed3acca5a467e9e704c703e8d87f634fb0fc9
Transaction targets our contract!
Input data: ed05084e
DETECTED setWinner() call! Preparing front-run...
Original gas price: 140210646864834 wei
Boosted gas price: 168252776237800 wei
Front-run transaction created and submitted!
Front-run transaction sent! Hash: 0x736b67027d0bec9050c28c152c33d16590d57efa868dc15e8fc5dadc38d694a0
Processing transaction: 0x736b67027d0bec9050c28c152c33d16590d57efa868dc15e8fc5dadc38d694a0
Transaction to: Some(0xcf7ed3acca5a467e9e704c703e8d87f634fb0fc9)
Target contract: 0xcf7ed3acca5a467e9e704c703e8d87f634fb0fc9
Transaction targets our contract!
Input data: ed05084e
DETECTED setWinner() call! Preparing front-run...
Original gas price: 168252776237800 wei
Boosted gas price: 201903331485360 wei
Front-run transaction created and submitted!
Front-run transaction sent! Hash: 0xd180df5d0540e472b25b9030ac51dcef07e31765897e88072223d5f178164799
Processing transaction: 0xd180df5d0540e472b25b9030ac51dcef07e31765897e88072223d5f178164799
Transaction to: Some(0xcf7ed3acca5a467e9e704c703e8d87f634fb0fc9)
Target contract: 0xcf7ed3acca5a467e9e704c703e8d87f634fb0fc9
Transaction targets our contract!
Input data: ed05084e
DETECTED setWinner() call! Preparing front-run...
Original gas price: 201903331485360 wei
Boosted gas price: 242283997782432 wei
Front-run transaction created and submitted!
Front-run transaction sent! Hash: 0xed5eb6af8c4a5ae677111e7602b6956bf5147a898d338ef427b590f6d53da2f0
Processing transaction: 0xed5eb6af8c4a5ae677111e7602b6956bf5147a898d338ef427b590f6d53da2f0
Transaction to: Some(0xcf7ed3acca5a467e9e704c703e8d87f634fb0fc9)
Target contract: 0xcf7ed3acca5a467e9e704c703e8d87f634fb0fc9
Transaction targets our contract!
Input data: ed05084e
DETECTED setWinner() call! Preparing front-run...
Original gas price: 242283997782432 wei
Boosted gas price: 290740797338918 wei
Front-run transaction created and submitted!
Front-run transaction sent! Hash: 0xe9a257bec37c68a9a84e127815f070e3a69eeed6c0abe050242ba14fd28b5b67
Processing transaction: 0xe9a257bec37c68a9a84e127815f070e3a69eeed6c0abe050242ba14fd28b5b67
Transaction to: Some(0xcf7ed3acca5a467e9e704c703e8d87f634fb0fc9)
Target contract: 0xcf7ed3acca5a467e9e704c703e8d87f634fb0fc9
Transaction targets our contract!
Input data: ed05084e
DETECTED setWinner() call! Preparing front-run...
Original gas price: 290740797338918 wei
Boosted gas price: 348888956806701 wei
Front-run transaction created and submitted!
Front-run transaction sent! Hash: 0xef6eeb6a67c31ed5c6f4c655a22d97685c22f81d95705a0ec2e529a73cca86ed
Processing transaction: 0xef6eeb6a67c31ed5c6f4c655a22d97685c22f81d95705a0ec2e529a73cca86ed
Transaction to: Some(0xcf7ed3acca5a467e9e704c703e8d87f634fb0fc9)
Target contract: 0xcf7ed3acca5a467e9e704c703e8d87f634fb0fc9
Transaction targets our contract!
Input data: ed05084e
DETECTED setWinner() call! Preparing front-run...
Original gas price: 348888956806701 wei
Boosted gas price: 418666748168041 wei
Front-run transaction created and submitted!
Front-run transaction sent! Hash: 0x861a7bf0347996a4dfa3f94d98e567a7cbb585385e83c2b71a7ddbb208b0c04e
Processing transaction: 0x861a7bf0347996a4dfa3f94d98e567a7cbb585385e83c2b71a7ddbb208b0c04e
Transaction to: Some(0xcf7ed3acca5a467e9e704c703e8d87f634fb0fc9)
Target contract: 0xcf7ed3acca5a467e9e704c703e8d87f634fb0fc9
Transaction targets our contract!
Input data: ed05084e
DETECTED setWinner() call! Preparing front-run...
Original gas price: 418666748168041 wei
Boosted gas price: 502400097801649 wei
Front-run transaction created and submitted!
Front-run transaction sent! Hash: 0x55e6b66067681f3607b92966b6973cc962e87a5d343e1bb04e5f1c961031fc3a
Processing transaction: 0x55e6b66067681f3607b92966b6973cc962e87a5d343e1bb04e5f1c961031fc3a
Transaction to: Some(0xcf7ed3acca5a467e9e704c703e8d87f634fb0fc9)
Target contract: 0xcf7ed3acca5a467e9e704c703e8d87f634fb0fc9
Transaction targets our contract!
Input data: ed05084e
DETECTED setWinner() call! Preparing front-run...
Original gas price: 502400097801649 wei
Boosted gas price: 602880117361978 wei
Front-run transaction created and submitted!
Front-run transaction sent! Hash: 0x8760d13fc8ffa29dda4ff41694ba8e7eea9f8efc9e3434b5e3f5283cced47340
Processing transaction: 0x8760d13fc8ffa29dda4ff41694ba8e7eea9f8efc9e3434b5e3f5283cced47340
Transaction to: Some(0xcf7ed3acca5a467e9e704c703e8d87f634fb0fc9)
Target contract: 0xcf7ed3acca5a467e9e704c703e8d87f634fb0fc9
Transaction targets our contract!
Input data: ed05084e
DETECTED setWinner() call! Preparing front-run...
Original gas price: 602880117361978 wei
Boosted gas price: 723456140834373 wei
Front-run transaction created and submitted!
Front-run transaction sent! Hash: 0x531859914f7521dd6efbe8bc7a1cdb0713e7ea9018a36be3ba25a53ab9a7df08
Processing transaction: 0x531859914f7521dd6efbe8bc7a1cdb0713e7ea9018a36be3ba25a53ab9a7df08
Transaction to: Some(0xcf7ed3acca5a467e9e704c703e8d87f634fb0fc9)
Target contract: 0xcf7ed3acca5a467e9e704c703e8d87f634fb0fc9
Transaction targets our contract!
Input data: ed05084e
DETECTED setWinner() call! Preparing front-run...
Original gas price: 723456140834373 wei
Boosted gas price: 868147369001247 wei
Front-run transaction created and submitted!
Front-run transaction sent! Hash: 0x22938c65512f6646edf24f6b8c1b8fcf8c7ccbe8676be106811d6e9645a7a2c2
Processing transaction: 0x22938c65512f6646edf24f6b8c1b8fcf8c7ccbe8676be106811d6e9645a7a2c2
Transaction to: Some(0xcf7ed3acca5a467e9e704c703e8d87f634fb0fc9)
Target contract: 0xcf7ed3acca5a467e9e704c703e8d87f634fb0fc9
Transaction targets our contract!
Input data: ed05084e
DETECTED setWinner() call! Preparing front-run...
Original gas price: 868147369001247 wei
Boosted gas price: 1041776842801496 wei
Front-run transaction created and submitted!
Front-run transaction sent! Hash: 0x0d5b5456fb1ea44be782a32f421ecdd788b728d4923dff86db069e9d5b9bd31a
Processing transaction: 0x0d5b5456fb1ea44be782a32f421ecdd788b728d4923dff86db069e9d5b9bd31a
Transaction to: Some(0xcf7ed3acca5a467e9e704c703e8d87f634fb0fc9)
Target contract: 0xcf7ed3acca5a467e9e704c703e8d87f634fb0fc9
Transaction targets our contract!
Input data: ed05084e
DETECTED setWinner() call! Preparing front-run...
Original gas price: 1041776842801496 wei
Boosted gas price: 1250132211361795 wei
Front-run transaction created and submitted!
Front-run transaction sent! Hash: 0xdd6729fec918097439e51d556d54045b789defee648301d759984c1660da588f
Processing transaction: 0xdd6729fec918097439e51d556d54045b789defee648301d759984c1660da588f
Transaction to: Some(0xcf7ed3acca5a467e9e704c703e8d87f634fb0fc9)
Target contract: 0xcf7ed3acca5a467e9e704c703e8d87f634fb0fc9
Transaction targets our contract!
Input data: ed05084e
DETECTED setWinner() call! Preparing front-run...
Original gas price: 1250132211361795 wei
Boosted gas price: 1500158653634154 wei
Front-run transaction created and submitted!
Front-run transaction sent! Hash: 0x2e3fca37b0677401eff07eec2e68f27c42faa1146415664858427141843499dc
Processing transaction: 0x2e3fca37b0677401eff07eec2e68f27c42faa1146415664858427141843499dc
Transaction to: Some(0xcf7ed3acca5a467e9e704c703e8d87f634fb0fc9)
Target contract: 0xcf7ed3acca5a467e9e704c703e8d87f634fb0fc9
Transaction targets our contract!
Input data: ed05084e
DETECTED setWinner() call! Preparing front-run...
Original gas price: 1500158653634154 wei
Boosted gas price: 1800190384360984 wei
Front-run transaction created and submitted!
Front-run transaction sent! Hash: 0x13daa5fcfa91fba9f4b6718a6eb416e98b05499bacbfcff617bae361963fb1ce
Processing transaction: 0x13daa5fcfa91fba9f4b6718a6eb416e98b05499bacbfcff617bae361963fb1ce
Transaction to: Some(0xcf7ed3acca5a467e9e704c703e8d87f634fb0fc9)
Target contract: 0xcf7ed3acca5a467e9e704c703e8d87f634fb0fc9
Transaction targets our contract!
Input data: ed05084e
DETECTED setWinner() call! Preparing front-run...
Original gas price: 1800190384360984 wei
Boosted gas price: 2160228461233180 wei
Front-run transaction created and submitted!
Front-run transaction sent! Hash: 0xbe2d19173a6489703882de678c3bbf72593239e9faabc95d271dfe8de23ede7e
Processing transaction: 0xbe2d19173a6489703882de678c3bbf72593239e9faabc95d271dfe8de23ede7e
Transaction to: Some(0xcf7ed3acca5a467e9e704c703e8d87f634fb0fc9)
Target contract: 0xcf7ed3acca5a467e9e704c703e8d87f634fb0fc9
Transaction targets our contract!
Input data: ed05084e
DETECTED setWinner() call! Preparing front-run...
Original gas price: 2160228461233180 wei
Boosted gas price: 2592274153479816 wei
Front-run transaction created and submitted!
Front-run transaction sent! Hash: 0x49d2e6e36f341519559ff27e54e35dd786eaa60bf471519c6ec1b7f312cea60f
Processing transaction: 0x49d2e6e36f341519559ff27e54e35dd786eaa60bf471519c6ec1b7f312cea60f
Transaction to: Some(0xcf7ed3acca5a467e9e704c703e8d87f634fb0fc9)
Target contract: 0xcf7ed3acca5a467e9e704c703e8d87f634fb0fc9
Transaction targets our contract!
Input data: ed05084e
DETECTED setWinner() call! Preparing front-run...
Original gas price: 2592274153479816 wei
Boosted gas price: 3110728984175779 wei
Front-run transaction created and submitted!
Front-run transaction sent! Hash: 0x821ac1c9bf4788bc55863dea37c4ff39558bfbb6b71f07aeb349e92a02e336da
Processing transaction: 0x821ac1c9bf4788bc55863dea37c4ff39558bfbb6b71f07aeb349e92a02e336da
Transaction to: Some(0xcf7ed3acca5a467e9e704c703e8d87f634fb0fc9)
Target contract: 0xcf7ed3acca5a467e9e704c703e8d87f634fb0fc9
Transaction targets our contract!
Input data: ed05084e
DETECTED setWinner() call! Preparing front-run...
Original gas price: 3110728984175779 wei
Boosted gas price: 3732874781010934 wei
Front-run transaction created and submitted!
Front-run transaction sent! Hash: 0x7b043726f8486de73e56defd9c824cadca0489ad930526bbdcee7735ee2f019c
Processing transaction: 0x7b043726f8486de73e56defd9c824cadca0489ad930526bbdcee7735ee2f019c
Transaction to: Some(0xcf7ed3acca5a467e9e704c703e8d87f634fb0fc9)
Target contract: 0xcf7ed3acca5a467e9e704c703e8d87f634fb0fc9
Transaction targets our contract!
Input data: ed05084e
DETECTED setWinner() call! Preparing front-run...
Original gas price: 3732874781010934 wei
Boosted gas price: 4479449737213120 wei
Front-run transaction created and submitted!
Front-run transaction sent! Hash: 0x8f09b5d36d51760de9f619f1363d3b39f7b21b8b8e58aaef598bd481c6131fd3
Processing transaction: 0x8f09b5d36d51760de9f619f1363d3b39f7b21b8b8e58aaef598bd481c6131fd3
Transaction to: Some(0xcf7ed3acca5a467e9e704c703e8d87f634fb0fc9)
Target contract: 0xcf7ed3acca5a467e9e704c703e8d87f634fb0fc9
Transaction targets our contract!
Input data: ed05084e
DETECTED setWinner() call! Preparing front-run...
Original gas price: 4479449737213120 wei
Boosted gas price: 5375339684655744 wei
Front-run transaction created and submitted!
Front-run transaction sent! Hash: 0xd00e751e9881a6e295ded31b6204cba34de2d02167832ec802ab4ebb28c2df3c
Processing transaction: 0xd00e751e9881a6e295ded31b6204cba34de2d02167832ec802ab4ebb28c2df3c
Transaction to: Some(0xcf7ed3acca5a467e9e704c703e8d87f634fb0fc9)
Target contract: 0xcf7ed3acca5a467e9e704c703e8d87f634fb0fc9
Transaction targets our contract!
Input data: ed05084e
DETECTED setWinner() call! Preparing front-run...
Original gas price: 5375339684655744 wei
Boosted gas price: 6450407621586892 wei
Front-run transaction created and submitted!
Front-run transaction sent! Hash: 0xb820dd4a30352f66724affa7fe907b358b8dd12814a680423f7fb589598b01f5
Processing transaction: 0xb820dd4a30352f66724affa7fe907b358b8dd12814a680423f7fb589598b01f5
Transaction to: Some(0xcf7ed3acca5a467e9e704c703e8d87f634fb0fc9)
Target contract: 0xcf7ed3acca5a467e9e704c703e8d87f634fb0fc9
Transaction targets our contract!
Input data: ed05084e
DETECTED setWinner() call! Preparing front-run...
Original gas price: 6450407621586892 wei
Boosted gas price: 7740489145904270 wei
Front-run transaction created and submitted!
Front-run transaction sent! Hash: 0x484e8d6098516c6227fe97dcc7a4b6593e61c00f2e01d285ed2bb8697a314cbf
Processing transaction: 0x484e8d6098516c6227fe97dcc7a4b6593e61c00f2e01d285ed2bb8697a314cbf
Transaction to: Some(0xcf7ed3acca5a467e9e704c703e8d87f634fb0fc9)
Target contract: 0xcf7ed3acca5a467e9e704c703e8d87f634fb0fc9
Transaction targets our contract!
Input data: ed05084e
DETECTED setWinner() call! Preparing front-run...
Original gas price: 7740489145904270 wei
Boosted gas price: 9288586975085124 wei
Front-run transaction created and submitted!
Front-run transaction sent! Hash: 0x5902c15fccd9f3138170d7aef5c8f09c3d9ac3ed867e7626c0ddb39fcd328bac
Processing transaction: 0x5902c15fccd9f3138170d7aef5c8f09c3d9ac3ed867e7626c0ddb39fcd328bac
Transaction to: Some(0xcf7ed3acca5a467e9e704c703e8d87f634fb0fc9)
Target contract: 0xcf7ed3acca5a467e9e704c703e8d87f634fb0fc9
Transaction targets our contract!
Input data: ed05084e
DETECTED setWinner() call! Preparing front-run...
Original gas price: 9288586975085124 wei
Boosted gas price: 11146304370102148 wei
Front-run transaction created and submitted!
Front-run transaction sent! Hash: 0xcee7dc1b2d6a8509bb574d486833287ab746916d5b82e81625b37bec9c2c433a
Processing transaction: 0xcee7dc1b2d6a8509bb574d486833287ab746916d5b82e81625b37bec9c2c433a
Transaction to: Some(0xcf7ed3acca5a467e9e704c703e8d87f634fb0fc9)
Target contract: 0xcf7ed3acca5a467e9e704c703e8d87f634fb0fc9
Transaction targets our contract!
Input data: ed05084e
DETECTED setWinner() call! Preparing front-run...
Original gas price: 11146304370102148 wei
Boosted gas price: 13375565244122577 wei
Front-run transaction created and submitted!
Front-run transaction sent! Hash: 0xc07df7f38348d68a08096cb19bb4549f44c0fd6b02869664213b417184315ae0
Processing transaction: 0xc07df7f38348d68a08096cb19bb4549f44c0fd6b02869664213b417184315ae0
Transaction to: Some(0xcf7ed3acca5a467e9e704c703e8d87f634fb0fc9)
Target contract: 0xcf7ed3acca5a467e9e704c703e8d87f634fb0fc9
Transaction targets our contract!
Input data: ed05084e
DETECTED setWinner() call! Preparing front-run...
Original gas price: 13375565244122577 wei
Boosted gas price: 16050678292947092 wei
Front-run transaction created and submitted!
Front-run transaction sent! Hash: 0x33e933e0abf442eab9753eb3ab355584bb2b81b4a565ce11101b2419a338cb93
Processing transaction: 0x33e933e0abf442eab9753eb3ab355584bb2b81b4a565ce11101b2419a338cb93
Transaction to: Some(0xcf7ed3acca5a467e9e704c703e8d87f634fb0fc9)
Target contract: 0xcf7ed3acca5a467e9e704c703e8d87f634fb0fc9
Transaction targets our contract!
Input data: ed05084e
DETECTED setWinner() call! Preparing front-run...
Original gas price: 16050678292947092 wei
Boosted gas price: 19260813951536510 wei
Front-run transaction created and submitted!
Front-run transaction sent! Hash: 0x339019c709912f6bbce3842d884000a7ea097376509d997e9754544674073f17
Processing transaction: 0x339019c709912f6bbce3842d884000a7ea097376509d997e9754544674073f17
Transaction to: Some(0xcf7ed3acca5a467e9e704c703e8d87f634fb0fc9)
Target contract: 0xcf7ed3acca5a467e9e704c703e8d87f634fb0fc9
Transaction targets our contract!
Input data: ed05084e
DETECTED setWinner() call! Preparing front-run...
Original gas price: 19260813951536510 wei
Boosted gas price: 23112976741843812 wei
Front-run transaction created and submitted!
Front-run transaction sent! Hash: 0x21fd96a403b920b6fea0864708e12fa0999f0dbcf8d17fbd05206ce508927475
Processing transaction: 0x21fd96a403b920b6fea0864708e12fa0999f0dbcf8d17fbd05206ce508927475
Transaction to: Some(0xcf7ed3acca5a467e9e704c703e8d87f634fb0fc9)
Target contract: 0xcf7ed3acca5a467e9e704c703e8d87f634fb0fc9
Transaction targets our contract!
Input data: ed05084e
DETECTED setWinner() call! Preparing front-run...
Original gas price: 23112976741843812 wei
Boosted gas price: 27735572090212574 wei
Front-run transaction created and submitted!
Front-run transaction sent! Hash: 0xafc6c7a69f1bec03159e81d8e275aa2012c510931d054c406dbcd11e3a031557
Processing transaction: 0xafc6c7a69f1bec03159e81d8e275aa2012c510931d054c406dbcd11e3a031557
Transaction to: Some(0xcf7ed3acca5a467e9e704c703e8d87f634fb0fc9)
Target contract: 0xcf7ed3acca5a467e9e704c703e8d87f634fb0fc9
Transaction targets our contract!
Input data: ed05084e
DETECTED setWinner() call! Preparing front-run...
Original gas price: 27735572090212574 wei
Boosted gas price: 33282686508255088 wei
Front-run transaction created and submitted!
Front-run transaction sent! Hash: 0xc62d14898762c83987e3ff12bf6bf07830e732583003c1a8f92354cb1451182b
Processing transaction: 0xc62d14898762c83987e3ff12bf6bf07830e732583003c1a8f92354cb1451182b
Transaction to: Some(0xcf7ed3acca5a467e9e704c703e8d87f634fb0fc9)
Target contract: 0xcf7ed3acca5a467e9e704c703e8d87f634fb0fc9
Transaction targets our contract!
Input data: ed05084e
DETECTED setWinner() call! Preparing front-run...
Original gas price: 33282686508255088 wei
Boosted gas price: 39939223809906105 wei
Front-run transaction created and submitted!
Front-run transaction sent! Hash: 0x118d15318ffdfca84525c6c26fb3523ff82ea6caf9b07224a03b4a877d60a63d
Processing transaction: 0x118d15318ffdfca84525c6c26fb3523ff82ea6caf9b07224a03b4a877d60a63d
Transaction to: Some(0xcf7ed3acca5a467e9e704c703e8d87f634fb0fc9)
Target contract: 0xcf7ed3acca5a467e9e704c703e8d87f634fb0fc9
Transaction targets our contract!
Input data: ed05084e
DETECTED setWinner() call! Preparing front-run...
Original gas price: 39939223809906105 wei
Boosted gas price: 47927068571887326 wei
Front-run transaction created and submitted!
Front-run transaction sent! Hash: 0xdcd20953e97f9b498d93ad5c099371d0b29c2820d4d6822ead384cc4f622bd65
Processing transaction: 0xdcd20953e97f9b498d93ad5c099371d0b29c2820d4d6822ead384cc4f622bd65
Transaction to: Some(0xcf7ed3acca5a467e9e704c703e8d87f634fb0fc9)
Target contract: 0xcf7ed3acca5a467e9e704c703e8d87f634fb0fc9
Transaction targets our contract!
Input data: ed05084e
DETECTED setWinner() call! Preparing front-run...
Original gas price: 47927068571887326 wei
Boosted gas price: 57512482286264791 wei
Front-run transaction created and submitted!
Front-run transaction sent! Hash: 0x30a6e4c47c2e51eca839feff1e8fd09f00cbbb2637fb8f969cb4da998396f045
Processing transaction: 0x30a6e4c47c2e51eca839feff1e8fd09f00cbbb2637fb8f969cb4da998396f045
Transaction to: Some(0xcf7ed3acca5a467e9e704c703e8d87f634fb0fc9)
Target contract: 0xcf7ed3acca5a467e9e704c703e8d87f634fb0fc9
Transaction targets our contract!
Input data: ed05084e
DETECTED setWinner() call! Preparing front-run...
Original gas price: 57512482286264791 wei
Boosted gas price: 69014978743517749 wei
Front-run transaction created and submitted!
Failed to send front-run transaction: MiddlewareError(JsonRpcClientError(JsonRpcError(JsonRpcError { code: -32003, message: "Insufficient funds for gas * price + value", data: None })))
